[2025-08-28 13:11:09] [INFO    ] discord.client: logging in using static token
[2025-08-28 13:11:10] [DEBUG   ] discord.http: GET https://discord.com/api/v10/users/@me with None has returned 200
[2025-08-28 13:11:10] [DEBUG   ] discord.http: GET /users/@me has found its initial rate limit bucket hash (78bb8553d9352a5a2f89f9def401287a).
[2025-08-28 13:11:10] [DEBUG   ] discord.http: GET https://discord.com/api/v10/users/@me has received {'id': '1410372079815233597', 'username': 'First_Bot', 'avatar': 'ac15afb73b335a646e3b6a7c67b1c1fb', 'discriminator': '5902', 'public_flags': 0, 'flags': 0, 'bot': True, 'banner': None, 'accent_color': None, 'global_name': None, 'avatar_decoration_data': None, 'collectibles': None, 'display_name_styles': None, 'banner_color': None, 'clan': None, 'primary_guild': None, 'mfa_enabled': True, 'locale': 'en-US', 'premium_type': 0, 'email': None, 'verified': True, 'bio': ''}
[2025-08-28 13:11:10] [DEBUG   ] discord.http: GET https://discord.com/api/v10/oauth2/applications/@me with None has returned 200
[2025-08-28 13:11:10] [DEBUG   ] discord.http: GET /oauth2/applications/@me has found its initial rate limit bucket hash (d28a133af187e91d71d96a223467ce49).
[2025-08-28 13:11:10] [DEBUG   ] discord.http: GET https://discord.com/api/v10/oauth2/applications/@me has received {'id': '1410372079815233597', 'name': 'First_Bot', 'icon': None, 'description': '', 'type': None, 'bot': {'id': '1410372079815233597', 'username': 'First_Bot', 'avatar': 'ac15afb73b335a646e3b6a7c67b1c1fb', 'discriminator': '5902', 'public_flags': 0, 'flags': 0, 'bot': True, 'banner': None, 'accent_color': None, 'global_name': None, 'avatar_decoration_data': None, 'collectibles': None, 'display_name_styles': None, 'banner_color': None, 'clan': None, 'primary_guild': None}, 'summary': '', 'is_monetized': False, 'is_verified': False, 'is_discoverable': False, 'bot_public': True, 'bot_require_code_grant': False, 'install_params': {'scopes': ['applications.commands'], 'permissions': '0'}, 'integration_types_config': {'0': {'oauth2_install_params': {'scopes': ['applications.commands'], 'permissions': '0'}}, '1': {'oauth2_install_params': {'scopes': ['applications.commands'], 'permissions': '0'}}}, 'verify_key': '13b5a7404cac7ad96652d282a0666251599d606c4c7d3a0bd9613dc45d1e7f9f', 'flags': 557056, 'hook': True, 'storefront_available': False, 'redirect_uris': [], 'interactions_endpoint_url': None, 'role_connections_verification_url': None, 'owner': {'id': '297158946760818689', 'username': 'jpatel02', 'avatar': '887f67b8fa06faece32b208bc4ab2f98', 'discriminator': '0', 'public_flags': 0, 'flags': 0, 'banner': None, 'accent_color': 12058624, 'global_name': 'Jimmy', 'avatar_decoration_data': None, 'collectibles': None, 'display_name_styles': None, 'banner_color': '#b80000', 'clan': None, 'primary_guild': None}, 'approximate_guild_count': 1, 'approximate_user_install_count': 0, 'approximate_user_authorization_count': 0, 'interactions_event_types': [], 'interactions_version': 1, 'explicit_content_filter': 0, 'rpc_application_state': 0, 'store_application_state': 1, 'verification_state': 1, 'integration_public': True, 'integration_require_code_grant': False, 'discoverability_state': 1, 'discovery_eligibility_flags': 2272, 'monetization_state': 1, 'verification_eligibility_flags': 123804, 'monetization_eligibility_flags': 247524, 'team': None, 'internal_guild_restriction': 2, 'approved_consoles': []}
[2025-08-28 13:11:10] [DEBUG   ] discord.gateway: Created websocket connected to wss://gateway.discord.gg/
[2025-08-28 13:11:10] [DEBUG   ] discord.gateway: For Shard ID None: WebSocket Event: {'t': None, 's': None, 'op': 10, 'd': {'heartbeat_interval': 41250, '_trace': ['["gateway-prd-arm-us-east1-b-jf2s",{"micros":0.0}]']}}
[2025-08-28 13:11:10] [DEBUG   ] discord.gateway: Shard ID None has sent the IDENTIFY payload.
[2025-08-28 13:11:10] [DEBUG   ] discord.gateway: For Shard ID None: WebSocket Event: {'t': None, 's': None, 'op': 11, 'd': None}
[2025-08-28 13:11:10] [DEBUG   ] discord.gateway: For Shard ID None: WebSocket Event: {'t': 'READY', 's': 1, 'op': 0, 'd': {'v': 10, 'user_settings': {}, 'user': {'verified': True, 'username': 'First_Bot', 'primary_guild': None, 'mfa_enabled': True, 'id': '1410372079815233597', 'global_name': None, 'flags': 0, 'email': None, 'discriminator': '5902', 'clan': None, 'bot': True, 'avatar': 'ac15afb73b335a646e3b6a7c67b1c1fb'}, 'session_type': 'normal', 'session_id': '3e7af0b08693e6ee9fb627624eb36299', 'resume_gateway_url': 'wss://gateway-us-east1-b.discord.gg', 'relationships': [], 'private_channels': [], 'presences': [], 'guilds': [{'unavailable': True, 'id': '1410368704041980019'}], 'guild_join_requests': [], 'geo_ordered_rtc_regions': ['newark', 'us-east', 'us-central', 'atlanta', 'us-south'], 'game_relationships': [], 'auth': {}, 'application': {'id': '1410372079815233597', 'flags': 557056}, '_trace': ['["gateway-prd-arm-us-east1-b-jf2s",{"micros":80800,"calls":["id_created",{"micros":688,"calls":[]},"session_lookup_time",{"micros":313,"calls":[]},"session_lookup_finished",{"micros":11,"calls":[]},"discord-sessions-prd-2-151",{"micros":78638,"calls":["start_session",{"micros":63750,"calls":["discord-api-rpc-68c54cb7b6-wvhbf",{"micros":44733,"calls":["get_user",{"micros":4702},"get_guilds",{"micros":9182},"send_scheduled_deletion_message",{"micros":10},"guild_join_requests",{"micros":2},"authorized_ip_coro",{"micros":9},"pending_payments",{"micros":10543},"apex_experiments",{"micros":3557},"user_activities",{"micros":7},"played_application_ids",{"micros":2}]}]},"starting_guild_connect",{"micros":71,"calls":[]},"presence_started",{"micros":4925,"calls":[]},"guilds_started",{"micros":71,"calls":[]},"lobbies_started",{"micros":1,"calls":[]},"guilds_connect",{"micros":1,"calls":[]},"presence_connect",{"micros":9801,"calls":[]},"connect_finished",{"micros":9806,"calls":[]},"build_ready",{"micros":12,"calls":[]},"clean_ready",{"micros":1,"calls":[]},"optimize_ready",{"micros":0,"calls":[]},"split_ready",{"micros":1,"calls":[]}]}]}]']}}
[2025-08-28 13:11:10] [DEBUG   ] discord.client: Dispatching event socket_event_type
[2025-08-28 13:11:10] [INFO    ] discord.gateway: Shard ID None has connected to Gateway (Session ID: 3e7af0b08693e6ee9fb627624eb36299).
[2025-08-28 13:11:10] [DEBUG   ] discord.client: Dispatching event connect
[2025-08-28 13:11:10] [DEBUG   ] discord.gateway: For Shard ID None: WebSocket Event: {'t': 'GUILD_CREATE', 's': 2, 'op': 0, 'd': {'afk_timeout': 300, 'voice_states': [], 'unavailable': False, 'owner_configured_content_level': 0, 'profile': None, 'owner_id': '297158946760818689', 'member_count': 2, 'application_id': None, 'lazy': True, 'system_channel_flags': 0, 'verification_level': 0, 'safety_alerts_channel_id': None, 'region': 'deprecated', 'max_video_channel_users': 25, 'nsfw_level': 0, 'id': '1410368704041980019', 'soundboard_sounds': [], 'preferred_locale': 'en-US', 'home_header': None, 'name': "Jimmy's Bot Test", 'embedded_activities': [], 'mfa_level': 0, 'vanity_url_code': None, 'banner': None, 'premium_progress_bar_enabled': False, 'application_command_counts': {}, 'roles': [{'version': 1756331941996, 'unicode_emoji': None, 'tags': {}, 'position': 0, 'permissions': '2248473465835073', 'name': '@everyone', 'mentionable': False, 'managed': False, 'id': '1410368704041980019', 'icon': None, 'hoist': False, 'flags': 0, 'colors': {'tertiary_color': None, 'secondary_color': None, 'primary_color': 0}, 'color': 0}, {'version': 1756331942000, 'unicode_emoji': None, 'tags': {'bot_id': '1410372079815233597'}, 'position': 2, 'permissions': '2815076453444672', 'name': 'First_Bot', 'mentionable': False, 'managed': True, 'id': '1410374480194310147', 'icon': None, 'hoist': False, 'flags': 0, 'colors': {'tertiary_color': None, 'secondary_color': None, 'primary_color': 0}, 'color': 0}, {'version': 1756332555047, 'unicode_emoji': None, 'tags': {}, 'position': 1, 'permissions': '0', 'name': 'Gamer', 'mentionable': False, 'managed': False, 'id': '1410381437718499408', 'icon': None, 'hoist': False, 'flags': 0, 'colors': {'tertiary_color': None, 'secondary_color': None, 'primary_color': 15158332}, 'color': 15158332}], 'threads': [], 'large': False, 'channels': [{'version': 1756331942010, 'type': 4, 'position': 0, 'permission_overwrites': [], 'name': 'Text Channels', 'id': '1410368705552056410', 'flags': 0}, {'version': 1756331942018, 'type': 4, 'position': 0, 'permission_overwrites': [], 'name': 'Voice Channels', 'id': '1410368705552056411', 'flags': 0}, {'version': 1756331942022, 'type': 0, 'topic': None, 'rate_limit_per_user': 0, 'position': 0, 'permission_overwrites': [], 'parent_id': '1410368705552056410', 'name': 'general', 'last_message_id': '1410669286485397636', 'id': '1410368705552056412', 'icon_emoji': {'name': 'ðŸ‘‹', 'id': None}, 'flags': 0}, {'version': 1756331942025, 'user_limit': 0, 'type': 2, 'status': None, 'rtc_region': None, 'rate_limit_per_user': 0, 'position': 0, 'permission_overwrites': [], 'parent_id': '1410368705552056411', 'name': 'General', 'last_message_id': None, 'id': '1410368705552056413', 'icon_emoji': {'name': 'ðŸŽ™', 'id': None}, 'flags': 0, 'bitrate': 64000}], 'description': None, 'afk_channel_id': None, 'max_members': 25000000, 'guild_scheduled_events': [], 'features': ['PIN_PERMISSION_MIGRATION_COMPLETE'], 'public_updates_channel_id': None, 'activity_instances': [], 'default_message_notifications': 0, 'max_stage_video_channel_users': 50, 'icon': 'b2ad6bfe4b94c7e5b5d1c61b15312340', 'stage_instances': [], 'discovery_splash': None, 'explicit_content_filter': 0, 'premium_features': None, 'moderator_reporting': None, 'hub_type': None, 'inventory_settings': None, 'joined_at': '2025-08-27T21:24:39.650000+00:00', 'members': [{'user': {'username': 'First_Bot', 'public_flags': 0, 'primary_guild': None, 'id': '1410372079815233597', 'global_name': None, 'display_name_styles': None, 'display_name': None, 'discriminator': '5902', 'collectibles': None, 'bot': True, 'avatar_decoration_data': None, 'avatar': 'ac15afb73b335a646e3b6a7c67b1c1fb'}, 'roles': ['1410374480194310147'], 'premium_since': None, 'pending': False, 'nick': None, 'mute': False, 'joined_at': '2025-08-27T21:24:39.650000+00:00', 'flags': 0, 'deaf': False, 'communication_disabled_until': None, 'banner': None, 'avatar': None}], 'premium_subscription_count': 0, 'splash': None, 'presences': [], 'emojis': [], 'latest_onboarding_question_id': None, 'version': 1756331942040, 'stickers': [], 'premium_tier': 0, 'system_channel_id': '1410368705552056412', 'rules_channel_id': None, 'incidents_data': None, 'nsfw': False}}
[2025-08-28 13:11:10] [DEBUG   ] discord.client: Dispatching event socket_event_type
[2025-08-28 13:11:10] [DEBUG   ] discord.gateway: For Shard ID None: WebSocket Event: {'t': 'GUILD_MEMBERS_CHUNK', 's': 3, 'op': 0, 'd': {'nonce': '472a21898f514a5b1f68cd1c8fd4e794', 'members': [{'user': {'username': 'jpatel02', 'public_flags': 0, 'primary_guild': None, 'id': '297158946760818689', 'global_name': 'Jimmy', 'display_name_styles': None, 'display_name': 'Jimmy', 'discriminator': '0', 'collectibles': None, 'bot': False, 'avatar_decoration_data': None, 'avatar': '887f67b8fa06faece32b208bc4ab2f98'}, 'roles': ['1410381437718499408'], 'premium_since': None, 'pending': False, 'nick': None, 'mute': False, 'joined_at': '2025-08-27T21:01:42.587000+00:00', 'flags': 0, 'deaf': False, 'communication_disabled_until': None, 'banner': None, 'avatar': None}, {'user': {'username': 'First_Bot', 'public_flags': 0, 'primary_guild': None, 'id': '1410372079815233597', 'global_name': None, 'display_name_styles': None, 'display_name': None, 'discriminator': '5902', 'collectibles': None, 'bot': True, 'avatar_decoration_data': None, 'avatar': 'ac15afb73b335a646e3b6a7c67b1c1fb'}, 'roles': ['1410374480194310147'], 'premium_since': None, 'pending': False, 'nick': None, 'mute': False, 'joined_at': '2025-08-27T21:24:39.650000+00:00', 'flags': 0, 'deaf': False, 'communication_disabled_until': None, 'banner': None, 'avatar': None}], 'guild_id': '1410368704041980019', 'chunk_index': 0, 'chunk_count': 1}}
[2025-08-28 13:11:10] [DEBUG   ] discord.client: Dispatching event socket_event_type
[2025-08-28 13:11:10] [DEBUG   ] discord.state: Processed a chunk for 2 members in guild ID 1410368704041980019.
[2025-08-28 13:11:12] [DEBUG   ] discord.client: Dispatching event guild_available
[2025-08-28 13:11:12] [DEBUG   ] discord.client: Dispatching event ready
[2025-08-28 13:11:15] [DEBUG   ] discord.gateway: For Shard ID None: WebSocket Event: {'t': 'VOICE_STATE_UPDATE', 's': 4, 'op': 0, 'd': {'member': {'user': {'username': 'jpatel02', 'public_flags': 0, 'primary_guild': None, 'id': '297158946760818689', 'global_name': 'Jimmy', 'display_name_styles': None, 'display_name': 'Jimmy', 'discriminator': '0', 'collectibles': None, 'bot': False, 'avatar_decoration_data': None, 'avatar': '887f67b8fa06faece32b208bc4ab2f98'}, 'roles': ['1410381437718499408'], 'premium_since': None, 'pending': False, 'nick': None, 'mute': False, 'joined_at': '2025-08-27T21:01:42.587000+00:00', 'flags': 0, 'deaf': False, 'communication_disabled_until': None, 'banner': None, 'avatar': None}, 'user_id': '297158946760818689', 'suppress': False, 'session_id': '2bea787169b24d7f61c51170f17c9fad', 'self_video': False, 'self_mute': False, 'self_deaf': False, 'request_to_speak_timestamp': None, 'mute': False, 'guild_id': '1410368704041980019', 'discoverable': True, 'deaf': False, 'channel_id': '1410368705552056413'}}
[2025-08-28 13:11:15] [DEBUG   ] discord.client: Dispatching event socket_event_type
[2025-08-28 13:11:15] [DEBUG   ] discord.client: Dispatching event voice_state_update
[2025-08-28 13:11:15] [DEBUG   ] discord.gateway: For Shard ID None: WebSocket Event: {'t': 'VOICE_CHANNEL_START_TIME_UPDATE', 's': 5, 'op': 0, 'd': {'voice_start_time': 1756401076, 'id': '1410368705552056413', 'guild_id': '1410368704041980019'}}
[2025-08-28 13:11:15] [DEBUG   ] discord.client: Dispatching event socket_event_type
[2025-08-28 13:11:15] [DEBUG   ] discord.gateway: Unknown event VOICE_CHANNEL_START_TIME_UPDATE.
[2025-08-28 13:11:18] [DEBUG   ] discord.gateway: For Shard ID None: WebSocket Event: {'t': 'MESSAGE_CREATE', 's': 6, 'op': 0, 'd': {'type': 0, 'tts': False, 'timestamp': '2025-08-28T17:11:19.282000+00:00', 'pinned': False, 'nonce': '1410673109249294336', 'mentions': [], 'mention_roles': [], 'mention_everyone': False, 'member': {'roles': ['1410381437718499408'], 'premium_since': None, 'pending': False, 'nick': None, 'mute': False, 'joined_at': '2025-08-27T21:01:42.587000+00:00', 'flags': 0, 'deaf': False, 'communication_disabled_until': None, 'banner': None, 'avatar': None}, 'id': '1410673113435472025', 'flags': 0, 'embeds': [], 'edited_timestamp': None, 'content': '!join', 'components': [], 'channel_type': 0, 'channel_id': '1410368705552056412', 'author': {'username': 'jpatel02', 'public_flags': 0, 'primary_guild': None, 'id': '297158946760818689', 'global_name': 'Jimmy', 'display_name_styles': None, 'discriminator': '0', 'collectibles': None, 'clan': None, 'avatar_decoration_data': None, 'avatar': '887f67b8fa06faece32b208bc4ab2f98'}, 'attachments': [], 'guild_id': '1410368704041980019'}}
[2025-08-28 13:11:18] [DEBUG   ] discord.client: Dispatching event socket_event_type
[2025-08-28 13:11:18] [DEBUG   ] discord.client: Dispatching event message
[2025-08-28 13:11:18] [DEBUG   ] discord.client: Dispatching event command
[2025-08-28 13:11:18] [INFO    ] discord.voice_state: Connecting to voice...
[2025-08-28 13:11:18] [INFO    ] discord.voice_state: Starting voice handshake... (connection attempt 1)
[2025-08-28 13:11:18] [DEBUG   ] discord.gateway: Updating our voice state to {'op': 4, 'd': {'guild_id': 1410368704041980019, 'channel_id': 1410368705552056413, 'self_mute': False, 'self_deaf': False}}.
[2025-08-28 13:11:18] [DEBUG   ] discord.voice_state: Connection state changed to set_guild_voice_state
[2025-08-28 13:11:18] [DEBUG   ] discord.gateway: For Shard ID None: WebSocket Event: {'t': 'VOICE_STATE_UPDATE', 's': 7, 'op': 0, 'd': {'member': {'user': {'username': 'First_Bot', 'public_flags': 0, 'primary_guild': None, 'id': '1410372079815233597', 'global_name': None, 'display_name_styles': None, 'display_name': None, 'discriminator': '5902', 'collectibles': None, 'bot': True, 'avatar_decoration_data': None, 'avatar': 'ac15afb73b335a646e3b6a7c67b1c1fb'}, 'roles': ['1410374480194310147'], 'premium_since': None, 'pending': False, 'nick': None, 'mute': False, 'joined_at': '2025-08-27T21:24:39.650000+00:00', 'flags': 0, 'deaf': False, 'communication_disabled_until': None, 'banner': None, 'avatar': None}, 'user_id': '1410372079815233597', 'suppress': False, 'session_id': '3e7af0b08693e6ee9fb627624eb36299', 'self_video': False, 'self_mute': False, 'self_deaf': False, 'request_to_speak_timestamp': None, 'mute': False, 'guild_id': '1410368704041980019', 'deaf': False, 'channel_id': '1410368705552056413'}}
[2025-08-28 13:11:18] [DEBUG   ] discord.client: Dispatching event socket_event_type
[2025-08-28 13:11:18] [DEBUG   ] discord.client: Dispatching event voice_state_update
[2025-08-28 13:11:18] [DEBUG   ] discord.voice_state: Connection state changed to got_voice_state_update
[2025-08-28 13:11:18] [DEBUG   ] discord.gateway: For Shard ID None: WebSocket Event: {'t': 'VOICE_SERVER_UPDATE', 's': 8, 'op': 0, 'd': {'token': '8a39cfbe607ed60b', 'guild_id': '1410368704041980019', 'endpoint': 'c-ord11-c328c6fb.discord.media:443'}}
[2025-08-28 13:11:18] [DEBUG   ] discord.client: Dispatching event socket_event_type
[2025-08-28 13:11:18] [DEBUG   ] discord.voice_state: Connection state changed to got_both_voice_updates
[2025-08-28 13:11:18] [INFO    ] discord.voice_state: Voice handshake complete. Endpoint found: c-ord11-c328c6fb.discord.media:443
[2025-08-28 13:11:19] [DEBUG   ] discord.gateway: Sending voice websocket frame: {'op': 0, 'd': {'server_id': '1410368704041980019', 'user_id': '1410372079815233597', 'session_id': '3e7af0b08693e6ee9fb627624eb36299', 'token': '8a39cfbe607ed60b'}}.
[2025-08-28 13:11:19] [DEBUG   ] discord.voice_state: Connection state changed to websocket_connected
[2025-08-28 13:11:19] [DEBUG   ] discord.gateway: Voice websocket frame received: {'op': 8, 'd': {'v': 8, 'heartbeat_interval': 13750}}
[2025-08-28 13:11:19] [DEBUG   ] discord.gateway: Voice websocket frame received: {'op': 2, 'd': {'streams': [{'type': 'video', 'ssrc': 31253, 'rtx_ssrc': 31254, 'rid': '', 'quality': 0, 'active': False}], 'ssrc': 31252, 'port': 19295, 'modes': ['aead_aes256_gcm_rtpsize', 'aead_aes256_gcm', 'aead_xchacha20_poly1305_rtpsize', 'xsalsa20_poly1305_lite_rtpsize', 'xsalsa20_poly1305_lite', 'xsalsa20_poly1305_suffix', 'xsalsa20_poly1305'], 'ip': '104.29.153.61', 'experiments': ['fixed_keyframe_interval']}}
[2025-08-28 13:11:19] [DEBUG   ] discord.gateway: Connecting to voice socket
[2025-08-28 13:11:19] [DEBUG   ] discord.gateway: Sending ip discovery packet
[2025-08-28 13:11:19] [DEBUG   ] discord.voice_state: Registering socket listener callback <function DiscordVoiceWebSocket.discover_ip.<locals>.get_ip_packet at 0x000002DE7F2E4E00>
[2025-08-28 13:11:19] [DEBUG   ] discord.voice_state: Unregistering socket listener callback <function DiscordVoiceWebSocket.discover_ip.<locals>.get_ip_packet at 0x000002DE7F2E4E00>
[2025-08-28 13:11:19] [DEBUG   ] discord.gateway: Received ip discovery packet: b'\x00\x02\x00F\x00\x00z\x14173.177.160.115\x00\x00\x00\x00\x00\x00\x00\x00\x00\x00\x00\x00\x00\x00\x00\x00\x00\x00\x00\x00\x00\x00\x00\x00\x00\x00\x00\x00\x00\x00\x00\x00\x00\x00\x00\x00\x00\x00\x00\x00\x00\x00\x00\x00\x00\x00\x00\x00\x00\xf6\xae'
[2025-08-28 13:11:19] [DEBUG   ] discord.gateway: detected ip: 173.177.160.115 port: 63150
[2025-08-28 13:11:19] [DEBUG   ] discord.gateway: received supported encryption modes: aead_xchacha20_poly1305_rtpsize, xsalsa20_poly1305_lite, xsalsa20_poly1305_suffix, xsalsa20_poly1305
[2025-08-28 13:11:19] [DEBUG   ] discord.gateway: Sending voice websocket frame: {'op': 1, 'd': {'protocol': 'udp', 'data': {'address': '173.177.160.115', 'port': 63150, 'mode': 'aead_xchacha20_poly1305_rtpsize'}}}.
[2025-08-28 13:11:19] [DEBUG   ] discord.gateway: selected the voice protocol for use (aead_xchacha20_poly1305_rtpsize)
[2025-08-28 13:11:19] [DEBUG   ] discord.voice_state: Connection state changed to got_ip_discovery
[2025-08-28 13:11:19] [DEBUG   ] discord.gateway: Voice websocket frame received: {'seq': 0, 'op': 11, 'd': {'user_ids': ['297158946760818689']}}
[2025-08-28 13:11:19] [DEBUG   ] discord.gateway: Voice websocket frame received: {'seq': 1, 'op': 18, 'd': {'user_id': '297158946760818689', 'flags': 2}}
[2025-08-28 13:11:19] [DEBUG   ] discord.gateway: Voice websocket frame received: {'seq': 2, 'op': 20, 'd': {'user_id': '297158946760818689', 'platform': 0}}
[2025-08-28 13:11:19] [DEBUG   ] discord.gateway: Voice websocket frame received: {'op': 4, 'd': {'video_codec': 'H264', 'secure_frames_version': 0, 'secret_key': [41, 225, 217, 12, 166, 52, 116, 136, 242, 10, 112, 178, 14, 179, 172, 240, 209, 113, 96, 20, 193, 243, 36, 226, 175, 26, 61, 38, 191, 53, 218, 82], 'mode': 'aead_xchacha20_poly1305_rtpsize', 'media_session_id': 'f75ecdb84d2a8fb714ef328ddbf5a3e9', 'dave_protocol_version': 0, 'audio_codec': 'opus'}}
[2025-08-28 13:11:19] [DEBUG   ] discord.gateway: received secret key for voice connection
[2025-08-28 13:11:19] [DEBUG   ] discord.gateway: Sending voice websocket frame: {'op': 5, 'd': {'speaking': 0, 'delay': 0, 'ssrc': 31252}}.
[2025-08-28 13:11:19] [DEBUG   ] discord.voice_state: Connection state changed to connected
[2025-08-28 13:11:19] [INFO    ] discord.voice_state: Voice connection complete.
[2025-08-28 13:11:19] [DEBUG   ] discord.gateway: Voice websocket frame received: {'seq': 3, 'op': 15, 'd': {'any': 100}}
[2025-08-28 13:11:19] [DEBUG   ] discord.client: Dispatching event command_completion
[2025-08-28 13:11:24] [DEBUG   ] discord.gateway: Keeping shard ID None voice websocket alive with timestamp {'t': 1756401084021, 'seq_ack': 3}.
[2025-08-28 13:11:24] [DEBUG   ] discord.gateway: Sending voice websocket frame: {'op': 3, 'd': {'t': 1756401084021, 'seq_ack': 3}}.
[2025-08-28 13:11:24] [DEBUG   ] discord.gateway: Voice websocket frame received: {'op': 6, 'd': {'t': 1756401084021}}
[2025-08-28 13:11:27] [DEBUG   ] discord.gateway: For Shard ID None: WebSocket Event: {'t': 'MESSAGE_CREATE', 's': 9, 'op': 0, 'd': {'type': 0, 'tts': False, 'timestamp': '2025-08-28T17:11:28.381000+00:00', 'pinned': False, 'nonce': '1410673147581038592', 'mentions': [], 'mention_roles': [], 'mention_everyone': False, 'member': {'roles': ['1410381437718499408'], 'premium_since': None, 'pending': False, 'nick': None, 'mute': False, 'joined_at': '2025-08-27T21:01:42.587000+00:00', 'flags': 0, 'deaf': False, 'communication_disabled_until': None, 'banner': None, 'avatar': None}, 'id': '1410673151599186021', 'flags': 0, 'embeds': [{'video': {'width': 960, 'url': 'https://www.youtube.com/embed/dn3j6-yQKWQ', 'placeholder_version': 1, 'placeholder': 'jbYJHIb01FhrmYd8eXMHgpQwOA==', 'height': 720, 'flags': 0}, 'url': 'https://www.youtube.com/watch?v=dn3j6-yQKWQ', 'type': 'video', 'title': 'Nine Inch Nails - The Perfect Drug', 'thumbnail': {'width': 1280, 'url': 'https://i.ytimg.com/vi/dn3j6-yQKWQ/maxresdefault.jpg', 'proxy_url': 'https://images-ext-1.discordapp.net/external/EetkUCu3IUGxohfXpfyRhJlN0eJNP2qnFUHqlhKp0iQ/https/i.ytimg.com/vi/dn3j6-yQKWQ/maxresdefault.jpg', 'placeholder_version': 1, 'placeholder': 'jbYJHIb01FhrmYd8eXMHgpQwOA==', 'height': 720, 'flags': 0, 'content_type': 'image/jpeg'}, 'provider': {'url': 'https://www.youtube.com', 'name': 'YouTube'}, 'id': '1410673151599186022', 'description': 'Music video by Nine Inch Nails performing The Perfect Drug. (C) 1996 Nothing/Interscope Records\n\nhttp://vevo.ly/XpyIMM', 'color': 16711680, 'author': {'url': 'https://www.youtube.com/channel/UCeQAnhVwklc7uo0cpMGqBiA', 'name': 'NineInchNailsVEVO'}}], 'edited_timestamp': None, 'content': '!play https://www.youtube.com/watch?v=dn3j6-yQKWQ&list=RDdn3j6-yQKWQ&start_radio=1', 'components': [], 'channel_type': 0, 'channel_id': '1410368705552056412', 'author': {'username': 'jpatel02', 'public_flags': 0, 'primary_guild': None, 'id': '297158946760818689', 'global_name': 'Jimmy', 'display_name_styles': None, 'discriminator': '0', 'collectibles': None, 'clan': None, 'avatar_decoration_data': None, 'avatar': '887f67b8fa06faece32b208bc4ab2f98'}, 'attachments': [], 'guild_id': '1410368704041980019'}}
[2025-08-28 13:11:27] [DEBUG   ] discord.client: Dispatching event socket_event_type
[2025-08-28 13:11:27] [DEBUG   ] discord.client: Dispatching event message
[2025-08-28 13:11:27] [DEBUG   ] discord.client: Dispatching event command
[2025-08-28 13:11:28] [DEBUG   ] discord.client: Dispatching event command_error
[2025-08-28 13:11:28] [ERROR   ] discord.ext.commands.bot: Ignoring exception in command play
Traceback (most recent call last):
  File "C:\Users\jpate\AppData\Roaming\Python\Python312\site-packages\youtube_dl\YoutubeDL.py", line 815, in wrapper
    return func(self, *args, **kwargs)
           ^^^^^^^^^^^^^^^^^^^^^^^^^^^
  File "C:\Users\jpate\AppData\Roaming\Python\Python312\site-packages\youtube_dl\YoutubeDL.py", line 836, in __extract_info
    ie_result = ie.extract(url)
                ^^^^^^^^^^^^^^^
  File "C:\Users\jpate\AppData\Roaming\Python\Python312\site-packages\youtube_dl\extractor\common.py", line 534, in extract
    ie_result = self._real_extract(url)
                ^^^^^^^^^^^^^^^^^^^^^^^
  File "C:\Users\jpate\AppData\Roaming\Python\Python312\site-packages\youtube_dl\extractor\youtube.py", line 1733, in _real_extract
    self._sort_formats(formats)
  File "C:\Users\jpate\AppData\Roaming\Python\Python312\site-packages\youtube_dl\extractor\common.py", line 1374, in _sort_formats
    raise ExtractorError('No video formats found')
youtube_dl.utils.ExtractorError: No video formats found; please report this issue on https://yt-dl.org/bug . Make sure you are using the latest version; see  https://yt-dl.org/update  on how to update. Be sure to call youtube-dl with the --verbose flag and include its complete output.

During handling of the above exception, another exception occurred:

Traceback (most recent call last):
  File "C:\Users\jpate\AppData\Roaming\Python\Python312\site-packages\discord\ext\commands\core.py", line 266, in wrapped
    ret = await coro(*args, **kwargs)
          ^^^^^^^^^^^^^^^^^^^^^^^^^^^
  File "c:\Users\jpate\discordbot\main.py", line 137, in play
    info = ydl.extract_info(url, download=False)
           ^^^^^^^^^^^^^^^^^^^^^^^^^^^^^^^^^^^^^
  File "C:\Users\jpate\AppData\Roaming\Python\Python312\site-packages\youtube_dl\YoutubeDL.py", line 808, in extract_info
    return self.__extract_info(url, ie, download, extra_info, process)
           ^^^^^^^^^^^^^^^^^^^^^^^^^^^^^^^^^^^^^^^^^^^^^^^^^^^^^^^^^^^
  File "C:\Users\jpate\AppData\Roaming\Python\Python312\site-packages\youtube_dl\YoutubeDL.py", line 815, in wrapper
    return func(self, *args, **kwargs)
           ^^^^^^^^^^^^^^^^^^^^^^^^^^^
  File "C:\Users\jpate\AppData\Roaming\Python\Python312\site-packages\youtube_dl\YoutubeDL.py", line 847, in __extract_info
    return self.process_ie_result(ie_result, download, extra_info)
           ^^^^^^^^^^^^^^^^^^^^^^^^^^^^^^^^^^^^^^^^^^^^^^^^^^^^^^^
  File "C:\Users\jpate\AppData\Roaming\Python\Python312\site-packages\youtube_dl\YoutubeDL.py", line 885, in process_ie_result
    return self.extract_info(ie_result['url'],
           ^^^^^^^^^^^^^^^^^^^^^^^^^^^^^^^^^^^
  File "C:\Users\jpate\AppData\Roaming\Python\Python312\site-packages\youtube_dl\YoutubeDL.py", line 808, in extract_info
    return self.__extract_info(url, ie, download, extra_info, process)
           ^^^^^^^^^^^^^^^^^^^^^^^^^^^^^^^^^^^^^^^^^^^^^^^^^^^^^^^^^^^
  File "C:\Users\jpate\AppData\Roaming\Python\Python312\site-packages\youtube_dl\YoutubeDL.py", line 824, in wrapper
    self.report_error(compat_str(e), e.format_traceback())
  File "C:\Users\jpate\AppData\Roaming\Python\Python312\site-packages\youtube_dl\YoutubeDL.py", line 628, in report_error
    self.trouble(error_message, tb)
  File "C:\Users\jpate\AppData\Roaming\Python\Python312\site-packages\youtube_dl\YoutubeDL.py", line 598, in trouble
    raise DownloadError(message, exc_info)
youtube_dl.utils.DownloadError: ERROR: No video formats found; please report this issue on https://yt-dl.org/bug . Make sure you are using the latest version; see  https://yt-dl.org/update  on how to update. Be sure to call youtube-dl with the --verbose flag and include its complete output.

The above exception was the direct cause of the following exception:

Traceback (most recent call last):
  File "C:\Users\jpate\AppData\Roaming\Python\Python312\site-packages\discord\ext\commands\bot.py", line 1376, in invoke
    await ctx.command.invoke(ctx)
  File "C:\Users\jpate\AppData\Roaming\Python\Python312\site-packages\discord\ext\commands\core.py", line 1064, in invoke
    await injected(*ctx.args, **ctx.kwargs)  # type: ignore
    ^^^^^^^^^^^^^^^^^^^^^^^^^^^^^^^^^^^^^^^
  File "C:\Users\jpate\AppData\Roaming\Python\Python312\site-packages\discord\ext\commands\core.py", line 275, in wrapped
    raise CommandInvokeError(exc) from exc
discord.ext.commands.errors.CommandInvokeError: Command raised an exception: DownloadError: ERROR: No video formats found; please report this issue on https://yt-dl.org/bug . Make sure you are using the latest version; see  https://yt-dl.org/update  on how to update. Be sure to call youtube-dl with the --verbose flag and include its complete output.
[2025-08-28 13:11:29] [DEBUG   ] discord.gateway: Keeping shard ID None voice websocket alive with timestamp {'t': 1756401089024, 'seq_ack': 3}.
[2025-08-28 13:11:29] [DEBUG   ] discord.gateway: Sending voice websocket frame: {'op': 3, 'd': {'t': 1756401089024, 'seq_ack': 3}}.
[2025-08-28 13:11:29] [DEBUG   ] discord.gateway: Voice websocket frame received: {'op': 6, 'd': {'t': 1756401089024}}
[2025-08-28 13:11:34] [DEBUG   ] discord.gateway: Keeping shard ID None voice websocket alive with timestamp {'t': 1756401094034, 'seq_ack': 3}.
[2025-08-28 13:11:34] [DEBUG   ] discord.gateway: Sending voice websocket frame: {'op': 3, 'd': {'t': 1756401094034, 'seq_ack': 3}}.
[2025-08-28 13:11:34] [DEBUG   ] discord.gateway: Voice websocket frame received: {'op': 6, 'd': {'t': 1756401094034}}
[2025-08-28 13:11:39] [DEBUG   ] discord.gateway: Keeping shard ID None voice websocket alive with timestamp {'t': 1756401099038, 'seq_ack': 3}.
[2025-08-28 13:11:39] [DEBUG   ] discord.gateway: Sending voice websocket frame: {'op': 3, 'd': {'t': 1756401099038, 'seq_ack': 3}}.
[2025-08-28 13:11:39] [DEBUG   ] discord.gateway: Voice websocket frame received: {'op': 6, 'd': {'t': 1756401099038}}
[2025-08-28 13:11:44] [DEBUG   ] discord.gateway: Keeping shard ID None voice websocket alive with timestamp {'t': 1756401104053, 'seq_ack': 3}.
[2025-08-28 13:11:44] [DEBUG   ] discord.gateway: Sending voice websocket frame: {'op': 3, 'd': {'t': 1756401104053, 'seq_ack': 3}}.
[2025-08-28 13:11:44] [DEBUG   ] discord.gateway: Voice websocket frame received: {'op': 6, 'd': {'t': 1756401104053}}
[2025-08-28 13:11:49] [DEBUG   ] discord.gateway: Keeping shard ID None voice websocket alive with timestamp {'t': 1756401109066, 'seq_ack': 3}.
[2025-08-28 13:11:49] [DEBUG   ] discord.gateway: Sending voice websocket frame: {'op': 3, 'd': {'t': 1756401109066, 'seq_ack': 3}}.
[2025-08-28 13:11:49] [DEBUG   ] discord.gateway: Voice websocket frame received: {'op': 6, 'd': {'t': 1756401109066}}
[2025-08-28 13:11:51] [DEBUG   ] discord.gateway: Keeping shard ID None websocket alive with sequence 9.
[2025-08-28 13:11:51] [DEBUG   ] discord.gateway: For Shard ID None: WebSocket Event: {'t': None, 's': None, 'op': 11, 'd': None}
[2025-08-28 13:11:52] [DEBUG   ] discord.gateway: For Shard ID None: WebSocket Event: {'t': 'MESSAGE_CREATE', 's': 10, 'op': 0, 'd': {'type': 0, 'tts': False, 'timestamp': '2025-08-28T17:11:52.823000+00:00', 'pinned': False, 'nonce': '1410673250236628992', 'mentions': [], 'mention_roles': [], 'mention_everyone': False, 'member': {'roles': ['1410381437718499408'], 'premium_since': None, 'pending': False, 'nick': None, 'mute': False, 'joined_at': '2025-08-27T21:01:42.587000+00:00', 'flags': 0, 'deaf': False, 'communication_disabled_until': None, 'banner': None, 'avatar': None}, 'id': '1410673254116360205', 'flags': 0, 'embeds': [], 'edited_timestamp': None, 'content': '!join', 'components': [], 'channel_type': 0, 'channel_id': '1410368705552056412', 'author': {'username': 'jpatel02', 'public_flags': 0, 'primary_guild': None, 'id': '297158946760818689', 'global_name': 'Jimmy', 'display_name_styles': None, 'discriminator': '0', 'collectibles': None, 'clan': None, 'avatar_decoration_data': None, 'avatar': '887f67b8fa06faece32b208bc4ab2f98'}, 'attachments': [], 'guild_id': '1410368704041980019'}}
[2025-08-28 13:11:52] [DEBUG   ] discord.client: Dispatching event socket_event_type
[2025-08-28 13:11:52] [DEBUG   ] discord.client: Dispatching event message
[2025-08-28 13:11:52] [DEBUG   ] discord.client: Dispatching event command
[2025-08-28 13:11:52] [DEBUG   ] discord.client: Dispatching event command_completion
[2025-08-28 13:11:54] [DEBUG   ] discord.gateway: Keeping shard ID None voice websocket alive with timestamp {'t': 1756401114071, 'seq_ack': 3}.
[2025-08-28 13:11:54] [DEBUG   ] discord.gateway: Sending voice websocket frame: {'op': 3, 'd': {'t': 1756401114071, 'seq_ack': 3}}.
[2025-08-28 13:11:54] [DEBUG   ] discord.gateway: Voice websocket frame received: {'op': 6, 'd': {'t': 1756401114071}}
[2025-08-28 13:11:59] [DEBUG   ] discord.gateway: Keeping shard ID None voice websocket alive with timestamp {'t': 1756401119073, 'seq_ack': 3}.
[2025-08-28 13:11:59] [DEBUG   ] discord.gateway: Sending voice websocket frame: {'op': 3, 'd': {'t': 1756401119073, 'seq_ack': 3}}.
[2025-08-28 13:11:59] [DEBUG   ] discord.gateway: Voice websocket frame received: {'op': 6, 'd': {'t': 1756401119073}}
[2025-08-28 13:12:04] [DEBUG   ] discord.gateway: Keeping shard ID None voice websocket alive with timestamp {'t': 1756401124080, 'seq_ack': 3}.
[2025-08-28 13:12:04] [DEBUG   ] discord.gateway: Sending voice websocket frame: {'op': 3, 'd': {'t': 1756401124080, 'seq_ack': 3}}.
[2025-08-28 13:12:04] [DEBUG   ] discord.gateway: Voice websocket frame received: {'op': 6, 'd': {'t': 1756401124080}}
[2025-08-28 13:12:05] [DEBUG   ] discord.gateway: For Shard ID None: WebSocket Event: {'t': 'VOICE_STATE_UPDATE', 's': 11, 'op': 0, 'd': {'member': {'user': {'username': 'jpatel02', 'public_flags': 0, 'primary_guild': None, 'id': '297158946760818689', 'global_name': 'Jimmy', 'display_name_styles': None, 'display_name': 'Jimmy', 'discriminator': '0', 'collectibles': None, 'bot': False, 'avatar_decoration_data': None, 'avatar': '887f67b8fa06faece32b208bc4ab2f98'}, 'roles': ['1410381437718499408'], 'premium_since': None, 'pending': False, 'nick': None, 'mute': False, 'joined_at': '2025-08-27T21:01:42.587000+00:00', 'flags': 0, 'deaf': False, 'communication_disabled_until': None, 'banner': None, 'avatar': None}, 'user_id': '297158946760818689', 'suppress': False, 'session_id': '2bea787169b24d7f61c51170f17c9fad', 'self_video': False, 'self_mute': False, 'self_deaf': False, 'request_to_speak_timestamp': None, 'mute': False, 'guild_id': '1410368704041980019', 'discoverable': True, 'deaf': False, 'channel_id': None}}
[2025-08-28 13:12:05] [DEBUG   ] discord.client: Dispatching event socket_event_type
[2025-08-28 13:12:05] [DEBUG   ] discord.client: Dispatching event voice_state_update
[2025-08-28 13:12:05] [DEBUG   ] discord.gateway: Voice websocket frame received: {'seq': 4, 'op': 13, 'd': {'user_id': '297158946760818689'}}
[2025-08-28 13:12:09] [DEBUG   ] discord.gateway: Keeping shard ID None voice websocket alive with timestamp {'t': 1756401129093, 'seq_ack': 4}.
[2025-08-28 13:12:09] [DEBUG   ] discord.gateway: Sending voice websocket frame: {'op': 3, 'd': {'t': 1756401129093, 'seq_ack': 4}}.
[2025-08-28 13:12:09] [DEBUG   ] discord.gateway: Voice websocket frame received: {'op': 6, 'd': {'t': 1756401129093}}
[2025-08-28 13:12:11] [DEBUG   ] discord.gateway: For Shard ID None: WebSocket Event: {'t': 'MESSAGE_CREATE', 's': 12, 'op': 0, 'd': {'type': 0, 'tts': False, 'timestamp': '2025-08-28T17:12:12.052000+00:00', 'pinned': False, 'nonce': '1410673330687574016', 'mentions': [], 'mention_roles': [], 'mention_everyone': False, 'member': {'roles': ['1410381437718499408'], 'premium_since': None, 'pending': False, 'nick': None, 'mute': False, 'joined_at': '2025-08-27T21:01:42.587000+00:00', 'flags': 0, 'deaf': False, 'communication_disabled_until': None, 'banner': None, 'avatar': None}, 'id': '1410673334768631840', 'flags': 0, 'embeds': [], 'edited_timestamp': None, 'content': '!join', 'components': [], 'channel_type': 0, 'channel_id': '1410368705552056412', 'author': {'username': 'jpatel02', 'public_flags': 0, 'primary_guild': None, 'id': '297158946760818689', 'global_name': 'Jimmy', 'display_name_styles': None, 'discriminator': '0', 'collectibles': None, 'clan': None, 'avatar_decoration_data': None, 'avatar': '887f67b8fa06faece32b208bc4ab2f98'}, 'attachments': [], 'guild_id': '1410368704041980019'}}
[2025-08-28 13:12:11] [DEBUG   ] discord.client: Dispatching event socket_event_type
[2025-08-28 13:12:11] [DEBUG   ] discord.client: Dispatching event message
[2025-08-28 13:12:11] [DEBUG   ] discord.client: Dispatching event command
[2025-08-28 13:12:11] [DEBUG   ] discord.client: Dispatching event command_error
[2025-08-28 13:12:11] [ERROR   ] discord.ext.commands.bot: Ignoring exception in command join
Traceback (most recent call last):
  File "C:\Users\jpate\AppData\Roaming\Python\Python312\site-packages\discord\ext\commands\core.py", line 266, in wrapped
    ret = await coro(*args, **kwargs)
          ^^^^^^^^^^^^^^^^^^^^^^^^^^^
  File "c:\Users\jpate\discordbot\main.py", line 118, in join
    channel = ctx.message.author.voice.channel
              ^^^^^^^^^^^^^^^^^^^^^^^^^^^^^^^^
AttributeError: 'NoneType' object has no attribute 'channel'

The above exception was the direct cause of the following exception:

Traceback (most recent call last):
  File "C:\Users\jpate\AppData\Roaming\Python\Python312\site-packages\discord\ext\commands\bot.py", line 1376, in invoke
    await ctx.command.invoke(ctx)
  File "C:\Users\jpate\AppData\Roaming\Python\Python312\site-packages\discord\ext\commands\core.py", line 1064, in invoke
    await injected(*ctx.args, **ctx.kwargs)  # type: ignore
    ^^^^^^^^^^^^^^^^^^^^^^^^^^^^^^^^^^^^^^^
  File "C:\Users\jpate\AppData\Roaming\Python\Python312\site-packages\discord\ext\commands\core.py", line 275, in wrapped
    raise CommandInvokeError(exc) from exc
discord.ext.commands.errors.CommandInvokeError: Command raised an exception: AttributeError: 'NoneType' object has no attribute 'channel'
[2025-08-28 13:12:14] [DEBUG   ] discord.gateway: Keeping shard ID None voice websocket alive with timestamp {'t': 1756401134104, 'seq_ack': 4}.
[2025-08-28 13:12:14] [DEBUG   ] discord.gateway: Sending voice websocket frame: {'op': 3, 'd': {'t': 1756401134104, 'seq_ack': 4}}.
[2025-08-28 13:12:14] [DEBUG   ] discord.gateway: Voice websocket frame received: {'op': 6, 'd': {'t': 1756401134104}}
[2025-08-28 13:12:19] [DEBUG   ] discord.gateway: Keeping shard ID None voice websocket alive with timestamp {'t': 1756401139113, 'seq_ack': 4}.
[2025-08-28 13:12:19] [DEBUG   ] discord.gateway: Sending voice websocket frame: {'op': 3, 'd': {'t': 1756401139113, 'seq_ack': 4}}.
[2025-08-28 13:12:19] [DEBUG   ] discord.gateway: Voice websocket frame received: {'op': 6, 'd': {'t': 1756401139113}}
[2025-08-28 13:12:24] [DEBUG   ] discord.gateway: Keeping shard ID None voice websocket alive with timestamp {'t': 1756401144124, 'seq_ack': 4}.
[2025-08-28 13:12:24] [DEBUG   ] discord.gateway: Sending voice websocket frame: {'op': 3, 'd': {'t': 1756401144124, 'seq_ack': 4}}.
[2025-08-28 13:12:24] [DEBUG   ] discord.gateway: Voice websocket frame received: {'op': 6, 'd': {'t': 1756401144124}}
[2025-08-28 13:12:29] [DEBUG   ] discord.gateway: Keeping shard ID None voice websocket alive with timestamp {'t': 1756401149133, 'seq_ack': 4}.
[2025-08-28 13:12:29] [DEBUG   ] discord.gateway: Sending voice websocket frame: {'op': 3, 'd': {'t': 1756401149133, 'seq_ack': 4}}.
[2025-08-28 13:12:29] [DEBUG   ] discord.gateway: Voice websocket frame received: {'op': 6, 'd': {'t': 1756401149133}}
[2025-08-28 13:12:33] [DEBUG   ] discord.gateway: Keeping shard ID None websocket alive with sequence 12.
[2025-08-28 13:12:33] [DEBUG   ] discord.gateway: For Shard ID None: WebSocket Event: {'t': None, 's': None, 'op': 11, 'd': None}
[2025-08-28 13:12:34] [DEBUG   ] discord.gateway: Keeping shard ID None voice websocket alive with timestamp {'t': 1756401154143, 'seq_ack': 4}.
[2025-08-28 13:12:34] [DEBUG   ] discord.gateway: Sending voice websocket frame: {'op': 3, 'd': {'t': 1756401154143, 'seq_ack': 4}}.
[2025-08-28 13:12:34] [DEBUG   ] discord.gateway: Voice websocket frame received: {'op': 6, 'd': {'t': 1756401154143}}
[2025-08-28 13:12:39] [DEBUG   ] discord.gateway: Keeping shard ID None voice websocket alive with timestamp {'t': 1756401159144, 'seq_ack': 4}.
[2025-08-28 13:12:39] [DEBUG   ] discord.gateway: Sending voice websocket frame: {'op': 3, 'd': {'t': 1756401159144, 'seq_ack': 4}}.
[2025-08-28 13:12:39] [DEBUG   ] discord.gateway: Voice websocket frame received: {'op': 6, 'd': {'t': 1756401159144}}
[2025-08-28 13:12:44] [DEBUG   ] discord.gateway: Keeping shard ID None voice websocket alive with timestamp {'t': 1756401164156, 'seq_ack': 4}.
[2025-08-28 13:12:44] [DEBUG   ] discord.gateway: Sending voice websocket frame: {'op': 3, 'd': {'t': 1756401164156, 'seq_ack': 4}}.
[2025-08-28 13:12:44] [DEBUG   ] discord.gateway: Voice websocket frame received: {'op': 6, 'd': {'t': 1756401164156}}
[2025-08-28 13:12:49] [DEBUG   ] discord.gateway: Keeping shard ID None voice websocket alive with timestamp {'t': 1756401169160, 'seq_ack': 4}.
[2025-08-28 13:12:49] [DEBUG   ] discord.gateway: Sending voice websocket frame: {'op': 3, 'd': {'t': 1756401169160, 'seq_ack': 4}}.
[2025-08-28 13:12:49] [DEBUG   ] discord.gateway: Voice websocket frame received: {'op': 6, 'd': {'t': 1756401169160}}
[2025-08-28 13:12:49] [DEBUG   ] discord.gateway: For Shard ID None: WebSocket Event: {'t': 'TYPING_START', 's': 13, 'op': 0, 'd': {'user_id': '297158946760818689', 'timestamp': 1756401170, 'member': {'user': {'username': 'jpatel02', 'public_flags': 0, 'primary_guild': None, 'id': '297158946760818689', 'global_name': 'Jimmy', 'display_name_styles': None, 'display_name': 'Jimmy', 'discriminator': '0', 'collectibles': None, 'bot': False, 'avatar_decoration_data': None, 'avatar': '887f67b8fa06faece32b208bc4ab2f98'}, 'roles': ['1410381437718499408'], 'premium_since': None, 'pending': False, 'nick': None, 'mute': False, 'joined_at': '2025-08-27T21:01:42.587000+00:00', 'flags': 0, 'deaf': False, 'communication_disabled_until': None, 'banner': None, 'avatar': None}, 'channel_id': '1410368705552056412', 'guild_id': '1410368704041980019'}}
[2025-08-28 13:12:49] [DEBUG   ] discord.client: Dispatching event socket_event_type
[2025-08-28 13:12:49] [DEBUG   ] discord.client: Dispatching event typing
[2025-08-28 13:12:49] [DEBUG   ] discord.client: Dispatching event raw_typing
[2025-08-28 13:12:51] [DEBUG   ] discord.gateway: For Shard ID None: WebSocket Event: {'t': 'MESSAGE_CREATE', 's': 14, 'op': 0, 'd': {'type': 0, 'tts': False, 'timestamp': '2025-08-28T17:12:52.592000+00:00', 'pinned': False, 'nonce': '1410673500959539200', 'mentions': [], 'mention_roles': [], 'mention_everyone': False, 'member': {'roles': ['1410381437718499408'], 'premium_since': None, 'pending': False, 'nick': None, 'mute': False, 'joined_at': '2025-08-27T21:01:42.587000+00:00', 'flags': 0, 'deaf': False, 'communication_disabled_until': None, 'banner': None, 'avatar': None}, 'id': '1410673504805847141', 'flags': 0, 'embeds': [], 'edited_timestamp': None, 'content': '!clear 7', 'components': [], 'channel_type': 0, 'channel_id': '1410368705552056412', 'author': {'username': 'jpatel02', 'public_flags': 0, 'primary_guild': None, 'id': '297158946760818689', 'global_name': 'Jimmy', 'display_name_styles': None, 'discriminator': '0', 'collectibles': None, 'clan': None, 'avatar_decoration_data': None, 'avatar': '887f67b8fa06faece32b208bc4ab2f98'}, 'attachments': [], 'guild_id': '1410368704041980019'}}
[2025-08-28 13:12:51] [DEBUG   ] discord.client: Dispatching event socket_event_type
[2025-08-28 13:12:51] [DEBUG   ] discord.client: Dispatching event message
[2025-08-28 13:12:51] [DEBUG   ] discord.client: Dispatching event command
[2025-08-28 13:12:52] [DEBUG   ] discord.http: GET https://discord.com/api/v10/oauth2/applications/@me with None has returned 200
[2025-08-28 13:12:52] [DEBUG   ] discord.http: GET https://discord.com/api/v10/oauth2/applications/@me has received {'id': '1410372079815233597', 'name': 'First_Bot', 'icon': None, 'description': '', 'type': None, 'bot': {'id': '1410372079815233597', 'username': 'First_Bot', 'avatar': 'ac15afb73b335a646e3b6a7c67b1c1fb', 'discriminator': '5902', 'public_flags': 0, 'flags': 0, 'bot': True, 'banner': None, 'accent_color': None, 'global_name': None, 'avatar_decoration_data': None, 'collectibles': None, 'display_name_styles': None, 'banner_color': None, 'clan': None, 'primary_guild': None}, 'summary': '', 'is_monetized': False, 'is_verified': False, 'is_discoverable': False, 'bot_public': True, 'bot_require_code_grant': False, 'install_params': {'scopes': ['applications.commands'], 'permissions': '0'}, 'integration_types_config': {'0': {'oauth2_install_params': {'scopes': ['applications.commands'], 'permissions': '0'}}, '1': {'oauth2_install_params': {'scopes': ['applications.commands'], 'permissions': '0'}}}, 'verify_key': '13b5a7404cac7ad96652d282a0666251599d606c4c7d3a0bd9613dc45d1e7f9f', 'flags': 557056, 'hook': True, 'storefront_available': False, 'redirect_uris': [], 'interactions_endpoint_url': None, 'role_connections_verification_url': None, 'owner': {'id': '297158946760818689', 'username': 'jpatel02', 'avatar': '887f67b8fa06faece32b208bc4ab2f98', 'discriminator': '0', 'public_flags': 0, 'flags': 0, 'banner': None, 'accent_color': 12058624, 'global_name': 'Jimmy', 'avatar_decoration_data': None, 'collectibles': None, 'display_name_styles': None, 'banner_color': '#b80000', 'clan': None, 'primary_guild': None}, 'approximate_guild_count': 1, 'approximate_user_install_count': 0, 'approximate_user_authorization_count': 0, 'interactions_event_types': [], 'interactions_version': 1, 'explicit_content_filter': 0, 'rpc_application_state': 0, 'store_application_state': 1, 'verification_state': 1, 'integration_public': True, 'integration_require_code_grant': False, 'discoverability_state': 1, 'discovery_eligibility_flags': 2272, 'monetization_state': 1, 'verification_eligibility_flags': 123804, 'monetization_eligibility_flags': 247524, 'team': None, 'internal_guild_restriction': 2, 'approved_consoles': []}
[2025-08-28 13:12:52] [DEBUG   ] discord.http: GET https://discord.com/api/v10/channels/1410368705552056412/messages with None has returned 200
[2025-08-28 13:12:52] [DEBUG   ] discord.http: GET /channels/{channel_id}/messages has found its initial rate limit bucket hash (479c05630b7b353bb5c63f707eeef2ee).
[2025-08-28 13:12:52] [DEBUG   ] discord.http: GET https://discord.com/api/v10/channels/1410368705552056412/messages has received [{'type': 0, 'content': '!clear 7', 'mentions': [], 'mention_roles': [], 'attachments': [], 'embeds': [], 'timestamp': '2025-08-28T17:12:52.592000+00:00', 'edited_timestamp': None, 'flags': 0, 'components': [], 'id': '1410673504805847141', 'channel_id': '1410368705552056412', 'author': {'id': '297158946760818689', 'username': 'jpatel02', 'avatar': '887f67b8fa06faece32b208bc4ab2f98', 'discriminator': '0', 'public_flags': 0, 'flags': 0, 'banner': None, 'accent_color': None, 'global_name': 'Jimmy', 'avatar_decoration_data': None, 'collectibles': None, 'display_name_styles': None, 'banner_color': None, 'clan': None, 'primary_guild': None}, 'pinned': False, 'mention_everyone': False, 'tts': False}, {'type': 0, 'content': '!join', 'mentions': [], 'mention_roles': [], 'attachments': [], 'embeds': [], 'timestamp': '2025-08-28T17:12:12.052000+00:00', 'edited_timestamp': None, 'flags': 0, 'components': [], 'id': '1410673334768631840', 'channel_id': '1410368705552056412', 'author': {'id': '297158946760818689', 'username': 'jpatel02', 'avatar': '887f67b8fa06faece32b208bc4ab2f98', 'discriminator': '0', 'public_flags': 0, 'flags': 0, 'banner': None, 'accent_color': None, 'global_name': 'Jimmy', 'avatar_decoration_data': None, 'collectibles': None, 'display_name_styles': None, 'banner_color': None, 'clan': None, 'primary_guild': None}, 'pinned': False, 'mention_everyone': False, 'tts': False}, {'type': 0, 'content': '!join', 'mentions': [], 'mention_roles': [], 'attachments': [], 'embeds': [], 'timestamp': '2025-08-28T17:11:52.823000+00:00', 'edited_timestamp': None, 'flags': 0, 'components': [], 'id': '1410673254116360205', 'channel_id': '1410368705552056412', 'author': {'id': '297158946760818689', 'username': 'jpatel02', 'avatar': '887f67b8fa06faece32b208bc4ab2f98', 'discriminator': '0', 'public_flags': 0, 'flags': 0, 'banner': None, 'accent_color': None, 'global_name': 'Jimmy', 'avatar_decoration_data': None, 'collectibles': None, 'display_name_styles': None, 'banner_color': None, 'clan': None, 'primary_guild': None}, 'pinned': False, 'mention_everyone': False, 'tts': False}, {'type': 0, 'content': '!play https://www.youtube.com/watch?v=dn3j6-yQKWQ&list=RDdn3j6-yQKWQ&start_radio=1', 'mentions': [], 'mention_roles': [], 'attachments': [], 'embeds': [{'type': 'video', 'url': 'https://www.youtube.com/watch?v=dn3j6-yQKWQ', 'title': 'Nine Inch Nails - The Perfect Drug', 'description': 'Music video by Nine Inch Nails performing The Perfect Drug. (C) 1996 Nothing/Interscope Records\n\nhttp://vevo.ly/XpyIMM', 'color': 16711680, 'author': {'name': 'NineInchNailsVEVO', 'url': 'https://www.youtube.com/channel/UCeQAnhVwklc7uo0cpMGqBiA'}, 'provider': {'name': 'YouTube', 'url': 'https://www.youtube.com'}, 'thumbnail': {'url': 'https://i.ytimg.com/vi/dn3j6-yQKWQ/maxresdefault.jpg', 'proxy_url': 'https://images-ext-1.discordapp.net/external/EetkUCu3IUGxohfXpfyRhJlN0eJNP2qnFUHqlhKp0iQ/https/i.ytimg.com/vi/dn3j6-yQKWQ/maxresdefault.jpg', 'width': 1280, 'height': 720, 'content_type': 'image/jpeg', 'placeholder': 'jbYJHIb01FhrmYd8eXMHgpQwOA==', 'placeholder_version': 1, 'flags': 0}, 'video': {'url': 'https://www.youtube.com/embed/dn3j6-yQKWQ', 'width': 960, 'height': 720, 'placeholder': 'jbYJHIb01FhrmYd8eXMHgpQwOA==', 'placeholder_version': 1, 'flags': 0}}], 'timestamp': '2025-08-28T17:11:28.381000+00:00', 'edited_timestamp': None, 'flags': 0, 'components': [], 'id': '1410673151599186021', 'channel_id': '1410368705552056412', 'author': {'id': '297158946760818689', 'username': 'jpatel02', 'avatar': '887f67b8fa06faece32b208bc4ab2f98', 'discriminator': '0', 'public_flags': 0, 'flags': 0, 'banner': None, 'accent_color': None, 'global_name': 'Jimmy', 'avatar_decoration_data': None, 'collectibles': None, 'display_name_styles': None, 'banner_color': None, 'clan': None, 'primary_guild': None}, 'pinned': False, 'mention_everyone': False, 'tts': False}, {'type': 0, 'content': '!join', 'mentions': [], 'mention_roles': [], 'attachments': [], 'embeds': [], 'timestamp': '2025-08-28T17:11:19.282000+00:00', 'edited_timestamp': None, 'flags': 0, 'components': [], 'id': '1410673113435472025', 'channel_id': '1410368705552056412', 'author': {'id': '297158946760818689', 'username': 'jpatel02', 'avatar': '887f67b8fa06faece32b208bc4ab2f98', 'discriminator': '0', 'public_flags': 0, 'flags': 0, 'banner': None, 'accent_color': None, 'global_name': 'Jimmy', 'avatar_decoration_data': None, 'collectibles': None, 'display_name_styles': None, 'banner_color': None, 'clan': None, 'primary_guild': None}, 'pinned': False, 'mention_everyone': False, 'tts': False}, {'type': 0, 'content': 'Shutting down...', 'mentions': [], 'mention_roles': [], 'attachments': [], 'embeds': [], 'timestamp': '2025-08-28T16:56:06.866000+00:00', 'edited_timestamp': None, 'flags': 0, 'components': [], 'id': '1410669286485397636', 'channel_id': '1410368705552056412', 'author': {'id': '1410372079815233597', 'username': 'First_Bot', 'avatar': 'ac15afb73b335a646e3b6a7c67b1c1fb', 'discriminator': '5902', 'public_flags': 0, 'flags': 0, 'bot': True, 'banner': None, 'accent_color': None, 'global_name': None, 'avatar_decoration_data': None, 'collectibles': None, 'display_name_styles': None, 'banner_color': None, 'clan': None, 'primary_guild': None}, 'pinned': False, 'mention_everyone': False, 'tts': False}, {'type': 0, 'content': '!shutdown', 'mentions': [], 'mention_roles': [], 'attachments': [], 'embeds': [], 'timestamp': '2025-08-28T16:56:06.210000+00:00', 'edited_timestamp': None, 'flags': 0, 'components': [], 'id': '1410669283733798924', 'channel_id': '1410368705552056412', 'author': {'id': '297158946760818689', 'username': 'jpatel02', 'avatar': '887f67b8fa06faece32b208bc4ab2f98', 'discriminator': '0', 'public_flags': 0, 'flags': 0, 'banner': None, 'accent_color': None, 'global_name': 'Jimmy', 'avatar_decoration_data': None, 'collectibles': None, 'display_name_styles': None, 'banner_color': None, 'clan': None, 'primary_guild': None}, 'pinned': False, 'mention_everyone': False, 'tts': False}]
[2025-08-28 13:12:52] [DEBUG   ] discord.http: POST https://discord.com/api/v10/channels/1410368705552056412/messages/bulk-delete with {"messages":[1410673504805847141,1410673334768631840,1410673254116360205,1410673151599186021,1410673113435472025,1410669286485397636,1410669283733798924]} has returned 204
[2025-08-28 13:12:52] [DEBUG   ] discord.http: POST /channels/{channel_id}/messages/bulk-delete has found its initial rate limit bucket hash (395d6cf0674e9291d994fd56de77ef96).
[2025-08-28 13:12:52] [DEBUG   ] discord.http: A rate limit bucket (395d6cf0674e9291d994fd56de77ef96) has been exhausted. Pre-emptively rate limiting...
[2025-08-28 13:12:52] [DEBUG   ] discord.http: POST https://discord.com/api/v10/channels/1410368705552056412/messages/bulk-delete has received 
[2025-08-28 13:12:52] [DEBUG   ] discord.gateway: For Shard ID None: WebSocket Event: {'t': 'MESSAGE_DELETE_BULK', 's': 15, 'op': 0, 'd': {'ids': ['1410673504805847141', '1410673334768631840', '1410673254116360205', '1410673151599186021', '1410673113435472025', '1410669286485397636', '1410669283733798924'], 'channel_id': '1410368705552056412', 'guild_id': '1410368704041980019'}}
[2025-08-28 13:12:52] [DEBUG   ] discord.client: Dispatching event socket_event_type
[2025-08-28 13:12:52] [DEBUG   ] discord.client: Dispatching event raw_bulk_message_delete
[2025-08-28 13:12:52] [DEBUG   ] discord.client: Dispatching event bulk_message_delete
[2025-08-28 13:12:54] [DEBUG   ] discord.gateway: Keeping shard ID None voice websocket alive with timestamp {'t': 1756401174173, 'seq_ack': 4}.
[2025-08-28 13:12:54] [DEBUG   ] discord.gateway: Sending voice websocket frame: {'op': 3, 'd': {'t': 1756401174173, 'seq_ack': 4}}.
[2025-08-28 13:12:54] [DEBUG   ] discord.gateway: Voice websocket frame received: {'op': 6, 'd': {'t': 1756401174173}}
[2025-08-28 13:12:55] [DEBUG   ] discord.gateway: For Shard ID None: WebSocket Event: {'t': 'MESSAGE_CREATE', 's': 16, 'op': 0, 'd': {'type': 0, 'tts': False, 'timestamp': '2025-08-28T17:12:56.346000+00:00', 'pinned': False, 'nonce': '18682687809232374', 'mentions': [], 'mention_roles': [], 'mention_everyone': False, 'member': {'roles': ['1410374480194310147'], 'premium_since': None, 'pending': False, 'nick': None, 'mute': False, 'joined_at': '2025-08-27T21:24:39.650000+00:00', 'flags': 0, 'deaf': False, 'communication_disabled_until': None, 'banner': None, 'avatar': None}, 'id': '1410673520551268443', 'flags': 0, 'embeds': [], 'edited_timestamp': None, 'content': 'The last 7 Messages have been cleared', 'components': [], 'channel_type': 0, 'channel_id': '1410368705552056412', 'author': {'username': 'First_Bot', 'public_flags': 0, 'primary_guild': None, 'id': '1410372079815233597', 'global_name': None, 'display_name_styles': None, 'discriminator': '5902', 'collectibles': None, 'clan': None, 'bot': True, 'avatar_decoration_data': None, 'avatar': 'ac15afb73b335a646e3b6a7c67b1c1fb'}, 'attachments': [], 'guild_id': '1410368704041980019'}}
[2025-08-28 13:12:55] [DEBUG   ] discord.client: Dispatching event socket_event_type
[2025-08-28 13:12:55] [DEBUG   ] discord.client: Dispatching event message
[2025-08-28 13:12:55] [DEBUG   ] discord.http: POST https://discord.com/api/v10/channels/1410368705552056412/messages with {"content":"The last 7 Messages have been cleared","components":[],"nonce":"18682687809232374","enforce_nonce":true,"tts":false} has returned 200
[2025-08-28 13:12:55] [DEBUG   ] discord.http: POST /channels/{channel_id}/messages has found its initial rate limit bucket hash (3df15bae86f6647dd4dfcbd5c6949480).
[2025-08-28 13:12:55] [DEBUG   ] discord.http: POST https://discord.com/api/v10/channels/1410368705552056412/messages has received {'type': 0, 'content': 'The last 7 Messages have been cleared', 'mentions': [], 'mention_roles': [], 'attachments': [], 'embeds': [], 'timestamp': '2025-08-28T17:12:56.346000+00:00', 'edited_timestamp': None, 'flags': 0, 'components': [], 'id': '1410673520551268443', 'channel_id': '1410368705552056412', 'author': {'id': '1410372079815233597', 'username': 'First_Bot', 'avatar': 'ac15afb73b335a646e3b6a7c67b1c1fb', 'discriminator': '5902', 'public_flags': 0, 'flags': 0, 'bot': True, 'banner': None, 'accent_color': None, 'global_name': None, 'avatar_decoration_data': None, 'collectibles': None, 'display_name_styles': None, 'banner_color': None, 'clan': None, 'primary_guild': None}, 'pinned': False, 'mention_everyone': False, 'tts': False, 'nonce': '18682687809232374'}
[2025-08-28 13:12:55] [DEBUG   ] discord.client: Dispatching event command_completion
[2025-08-28 13:12:59] [DEBUG   ] discord.gateway: Keeping shard ID None voice websocket alive with timestamp {'t': 1756401179179, 'seq_ack': 4}.
[2025-08-28 13:12:59] [DEBUG   ] discord.gateway: Sending voice websocket frame: {'op': 3, 'd': {'t': 1756401179179, 'seq_ack': 4}}.
[2025-08-28 13:12:59] [DEBUG   ] discord.gateway: Voice websocket frame received: {'op': 6, 'd': {'t': 1756401179179}}
[2025-08-28 13:13:00] [DEBUG   ] discord.gateway: For Shard ID None: WebSocket Event: {'t': 'MESSAGE_CREATE', 's': 17, 'op': 0, 'd': {'type': 0, 'tts': False, 'timestamp': '2025-08-28T17:13:01.389000+00:00', 'pinned': False, 'nonce': '1410673537953300480', 'mentions': [], 'mention_roles': [], 'mention_everyone': False, 'member': {'roles': ['1410381437718499408'], 'premium_since': None, 'pending': False, 'nick': None, 'mute': False, 'joined_at': '2025-08-27T21:01:42.587000+00:00', 'flags': 0, 'deaf': False, 'communication_disabled_until': None, 'banner': None, 'avatar': None}, 'id': '1410673541703012552', 'flags': 0, 'embeds': [], 'edited_timestamp': None, 'content': '!shutdown', 'components': [], 'channel_type': 0, 'channel_id': '1410368705552056412', 'author': {'username': 'jpatel02', 'public_flags': 0, 'primary_guild': None, 'id': '297158946760818689', 'global_name': 'Jimmy', 'display_name_styles': None, 'discriminator': '0', 'collectibles': None, 'clan': None, 'avatar_decoration_data': None, 'avatar': '887f67b8fa06faece32b208bc4ab2f98'}, 'attachments': [], 'guild_id': '1410368704041980019'}}
[2025-08-28 13:13:00] [DEBUG   ] discord.client: Dispatching event socket_event_type
[2025-08-28 13:13:00] [DEBUG   ] discord.client: Dispatching event message
[2025-08-28 13:13:00] [DEBUG   ] discord.client: Dispatching event command
[2025-08-28 13:13:00] [DEBUG   ] discord.gateway: For Shard ID None: WebSocket Event: {'t': 'MESSAGE_CREATE', 's': 18, 'op': 0, 'd': {'type': 0, 'tts': False, 'timestamp': '2025-08-28T17:13:01.588000+00:00', 'pinned': False, 'nonce': '13052938887158864740', 'mentions': [], 'mention_roles': [], 'mention_everyone': False, 'member': {'roles': ['1410374480194310147'], 'premium_since': None, 'pending': False, 'nick': None, 'mute': False, 'joined_at': '2025-08-27T21:24:39.650000+00:00', 'flags': 0, 'deaf': False, 'communication_disabled_until': None, 'banner': None, 'avatar': None}, 'id': '1410673542537809960', 'flags': 0, 'embeds': [], 'edited_timestamp': None, 'content': 'Shutting down...', 'components': [], 'channel_type': 0, 'channel_id': '1410368705552056412', 'author': {'username': 'First_Bot', 'public_flags': 0, 'primary_guild': None, 'id': '1410372079815233597', 'global_name': None, 'display_name_styles': None, 'discriminator': '5902', 'collectibles': None, 'clan': None, 'bot': True, 'avatar_decoration_data': None, 'avatar': 'ac15afb73b335a646e3b6a7c67b1c1fb'}, 'attachments': [], 'guild_id': '1410368704041980019'}}
[2025-08-28 13:13:00] [DEBUG   ] discord.client: Dispatching event socket_event_type
[2025-08-28 13:13:00] [DEBUG   ] discord.client: Dispatching event message
[2025-08-28 13:13:00] [DEBUG   ] discord.http: POST https://discord.com/api/v10/channels/1410368705552056412/messages with {"content":"Shutting down...","components":[],"nonce":"13052938887158864740","enforce_nonce":true,"tts":false} has returned 200
[2025-08-28 13:13:00] [DEBUG   ] discord.http: POST https://discord.com/api/v10/channels/1410368705552056412/messages has received {'type': 0, 'content': 'Shutting down...', 'mentions': [], 'mention_roles': [], 'attachments': [], 'embeds': [], 'timestamp': '2025-08-28T17:13:01.588000+00:00', 'edited_timestamp': None, 'flags': 0, 'components': [], 'id': '1410673542537809960', 'channel_id': '1410368705552056412', 'author': {'id': '1410372079815233597', 'username': 'First_Bot', 'avatar': 'ac15afb73b335a646e3b6a7c67b1c1fb', 'discriminator': '5902', 'public_flags': 0, 'flags': 0, 'bot': True, 'banner': None, 'accent_color': None, 'global_name': None, 'avatar_decoration_data': None, 'collectibles': None, 'display_name_styles': None, 'banner_color': None, 'clan': None, 'primary_guild': None}, 'pinned': False, 'mention_everyone': False, 'tts': False, 'nonce': '13052938887158864740'}
[2025-08-28 13:13:00] [INFO    ] discord.voice_state: The voice handshake is being terminated for Channel ID 1410368705552056413 (Guild ID 1410368704041980019)
[2025-08-28 13:13:00] [DEBUG   ] discord.voice_state: Connection state changed to disconnected
[2025-08-28 13:13:00] [DEBUG   ] discord.gateway: Updating our voice state to {'op': 4, 'd': {'guild_id': 1410368704041980019, 'channel_id': None, 'self_mute': False, 'self_deaf': False}}.
[2025-08-28 13:13:00] [DEBUG   ] discord.gateway: Received voice WSMessage(type=<WSMsgType.CLOSING: 256>, data=None, extra=None)
[2025-08-28 13:13:00] [DEBUG   ] discord.gateway: For Shard ID None: WebSocket Event: {'t': 'VOICE_STATE_UPDATE', 's': 19, 'op': 0, 'd': {'member': {'user': {'username': 'First_Bot', 'public_flags': 0, 'primary_guild': None, 'id': '1410372079815233597', 'global_name': None, 'display_name_styles': None, 'display_name': None, 'discriminator': '5902', 'collectibles': None, 'bot': True, 'avatar_decoration_data': None, 'avatar': 'ac15afb73b335a646e3b6a7c67b1c1fb'}, 'roles': ['1410374480194310147'], 'premium_since': None, 'pending': False, 'nick': None, 'mute': False, 'joined_at': '2025-08-27T21:24:39.650000+00:00', 'flags': 0, 'deaf': False, 'communication_disabled_until': None, 'banner': None, 'avatar': None}, 'user_id': '1410372079815233597', 'suppress': False, 'session_id': '3e7af0b08693e6ee9fb627624eb36299', 'self_video': False, 'self_mute': False, 'self_deaf': False, 'request_to_speak_timestamp': None, 'mute': False, 'guild_id': '1410368704041980019', 'deaf': False, 'channel_id': None}}
[2025-08-28 13:13:00] [DEBUG   ] discord.client: Dispatching event socket_event_type
[2025-08-28 13:13:00] [DEBUG   ] discord.client: Dispatching event voice_state_update
[2025-08-28 13:13:00] [DEBUG   ] discord.gateway: For Shard ID None: WebSocket Event: {'t': 'VOICE_CHANNEL_START_TIME_UPDATE', 's': 20, 'op': 0, 'd': {'voice_start_time': None, 'id': '1410368705552056413', 'guild_id': '1410368704041980019'}}
[2025-08-28 13:13:00] [DEBUG   ] discord.client: Dispatching event socket_event_type
[2025-08-28 13:13:00] [DEBUG   ] discord.gateway: Unknown event VOICE_CHANNEL_START_TIME_UPDATE.
[2025-08-28 13:13:00] [DEBUG   ] discord.gateway: For Shard ID None: WebSocket Event: {'t': 'VOICE_CHANNEL_STATUS_UPDATE', 's': 21, 'op': 0, 'd': {'status': None, 'id': '1410368705552056413', 'guild_id': '1410368704041980019'}}
[2025-08-28 13:13:00] [DEBUG   ] discord.client: Dispatching event socket_event_type
[2025-08-28 13:13:00] [DEBUG   ] discord.gateway: Unknown event VOICE_CHANNEL_STATUS_UPDATE.
[2025-08-28 13:13:00] [DEBUG   ] discord.gateway: Received WSMessage(type=<WSMsgType.CLOSED: 257>, data=None, extra=None)
[2025-08-28 13:13:00] [DEBUG   ] discord.gateway: Websocket closed with 1000, cannot reconnect.
[2025-08-28 13:13:00] [DEBUG   ] discord.client: Dispatching event disconnect
[2025-08-28 13:13:00] [DEBUG   ] discord.client: Dispatching event command_completion
